<?xml version="1.0" encoding="UTF-8"?>
<testsuite xmlns:xsi="http://www.w3.org/2001/XMLSchema-instance" xsi:noNamespaceSchemaLocation="https://maven.apache.org/surefire/maven-surefire-plugin/xsd/surefire-test-report.xsd" name="gov.cdc.nist.validator.VALID_PROFILE_CONFIGSTest" time="0" tests="3" errors="0" skipped="0" failures="0">
  <properties>
    <property name="gopherProxySet" value="false"/>
    <property name="awt.toolkit" value="sun.lwawt.macosx.LWCToolkit"/>
    <property name="java.specification.version" value="11"/>
    <property name="sun.cpu.isalist" value=""/>
    <property name="sun.jnu.encoding" value="UTF-8"/>
    <property name="java.class.path" value="/Users/m/projects/work/zeid/Biblioteca/lib-nist-validator/target/test-classes:/Users/m/projects/work/zeid/Biblioteca/lib-nist-validator/target/classes:/Users/m/.m2/repository/com/fasterxml/jackson/core/jackson-annotations/2.12.0/jackson-annotations-2.12.0.jar:/Users/m/.m2/repository/xom/xom/1.2.5/xom-1.2.5.jar:/Users/m/.m2/repository/xml-apis/xml-apis/1.3.03/xml-apis-1.3.03.jar:/Users/m/.m2/repository/xerces/xercesImpl/2.8.0/xercesImpl-2.8.0.jar:/Users/m/.m2/repository/xalan/xalan/2.7.0/xalan-2.7.0.jar:/Users/m/.m2/repository/gov/nist/hl7-v2-parser/1.4.2/hl7-v2-parser-1.4.2.jar:/Users/m/.m2/repository/org/scala-lang/scala-library/2.11.5/scala-library-2.11.5.jar:/Users/m/.m2/repository/gov/nist/hl7-v2-profile/1.4.2/hl7-v2-profile-1.4.2.jar:/Users/m/.m2/repository/gov/nist/xml-util/1.0.1-SNAPSHOT/xml-util-1.0.1-SNAPSHOT.jar:/Users/m/.m2/repository/org/scala-lang/modules/scala-xml_2.11/1.0.6/scala-xml_2.11-1.0.6.jar:/Users/m/.m2/repository/com/github/nikita-volkov/sext/0.2.4/sext-0.2.4.jar:/Users/m/.m2/repository/gov/nist/hl7-v2-validation/1.4.2/hl7-v2-validation-1.4.2.jar:/Users/m/.m2/repository/com/typesafe/config/1.2.1/config-1.2.1.jar:/Users/m/.m2/repository/org/apache/commons/commons-lang3/3.4/commons-lang3-3.4.jar:/Users/m/.m2/repository/com/github/hl7-tools/validation-report/1.0.0/validation-report-1.0.0.jar:/Users/m/.m2/repository/com/google/code/gson/gson/2.8.6/gson-2.8.6.jar:/Users/m/.m2/repository/javax/xml/bind/jaxb-api/2.3.0/jaxb-api-2.3.0.jar:/Users/m/.m2/repository/org/jetbrains/kotlin/kotlin-stdlib/1.4.20/kotlin-stdlib-1.4.20.jar:/Users/m/.m2/repository/org/jetbrains/kotlin/kotlin-stdlib-common/1.4.20/kotlin-stdlib-common-1.4.20.jar:/Users/m/.m2/repository/org/jetbrains/annotations/13.0/annotations-13.0.jar:/Users/m/.m2/repository/org/jetbrains/kotlin/kotlin-test/1.4.20/kotlin-test-1.4.20.jar:/Users/m/.m2/repository/org/jetbrains/kotlin/kotlin-test-common/1.4.20/kotlin-test-common-1.4.20.jar:/Users/m/.m2/repository/org/junit/jupiter/junit-jupiter-engine/5.6.0/junit-jupiter-engine-5.6.0.jar:/Users/m/.m2/repository/org/apiguardian/apiguardian-api/1.1.0/apiguardian-api-1.1.0.jar:/Users/m/.m2/repository/org/junit/platform/junit-platform-engine/1.6.0/junit-platform-engine-1.6.0.jar:/Users/m/.m2/repository/org/junit/jupiter/junit-jupiter-api/5.6.0/junit-jupiter-api-5.6.0.jar:/Users/m/.m2/repository/org/opentest4j/opentest4j/1.2.0/opentest4j-1.2.0.jar:/Users/m/.m2/repository/org/junit/platform/junit-platform-commons/1.6.0/junit-platform-commons-1.6.0.jar:/Users/m/.m2/repository/org/junit/jupiter/junit-jupiter-params/5.6.0/junit-jupiter-params-5.6.0.jar:/Users/m/.m2/repository/org/slf4j/slf4j-api/1.7.30/slf4j-api-1.7.30.jar:"/>
    <property name="java.vm.vendor" value="Oracle Corporation"/>
    <property name="sun.arch.data.model" value="64"/>
    <property name="java.vendor.url" value="http://java.oracle.com/"/>
    <property name="user.timezone" value=""/>
    <property name="java.vm.specification.version" value="11"/>
    <property name="os.name" value="Mac OS X"/>
    <property name="sun.java.launcher" value="SUN_STANDARD"/>
    <property name="user.country" value="US"/>
    <property name="sun.boot.library.path" value="/Library/Java/JavaVirtualMachines/openjdk-11.0.2.jdk/Contents/Home/lib"/>
    <property name="sun.java.command" value="/Users/m/projects/work/zeid/Biblioteca/lib-nist-validator/target/surefire/surefirebooter10676929447245371460.jar /Users/m/projects/work/zeid/Biblioteca/lib-nist-validator/target/surefire 2020-12-08T17-05-03_995-jvmRun1 surefire17494874348754153745tmp surefire_013692800029568049327tmp"/>
    <property name="http.nonProxyHosts" value="local|*.local|169.254/16|*.169.254/16"/>
    <property name="jdk.debug" value="release"/>
    <property name="surefire.test.class.path" value="/Users/m/projects/work/zeid/Biblioteca/lib-nist-validator/target/test-classes:/Users/m/projects/work/zeid/Biblioteca/lib-nist-validator/target/classes:/Users/m/.m2/repository/com/fasterxml/jackson/core/jackson-annotations/2.12.0/jackson-annotations-2.12.0.jar:/Users/m/.m2/repository/xom/xom/1.2.5/xom-1.2.5.jar:/Users/m/.m2/repository/xml-apis/xml-apis/1.3.03/xml-apis-1.3.03.jar:/Users/m/.m2/repository/xerces/xercesImpl/2.8.0/xercesImpl-2.8.0.jar:/Users/m/.m2/repository/xalan/xalan/2.7.0/xalan-2.7.0.jar:/Users/m/.m2/repository/gov/nist/hl7-v2-parser/1.4.2/hl7-v2-parser-1.4.2.jar:/Users/m/.m2/repository/org/scala-lang/scala-library/2.11.5/scala-library-2.11.5.jar:/Users/m/.m2/repository/gov/nist/hl7-v2-profile/1.4.2/hl7-v2-profile-1.4.2.jar:/Users/m/.m2/repository/gov/nist/xml-util/1.0.1-SNAPSHOT/xml-util-1.0.1-SNAPSHOT.jar:/Users/m/.m2/repository/org/scala-lang/modules/scala-xml_2.11/1.0.6/scala-xml_2.11-1.0.6.jar:/Users/m/.m2/repository/com/github/nikita-volkov/sext/0.2.4/sext-0.2.4.jar:/Users/m/.m2/repository/gov/nist/hl7-v2-validation/1.4.2/hl7-v2-validation-1.4.2.jar:/Users/m/.m2/repository/com/typesafe/config/1.2.1/config-1.2.1.jar:/Users/m/.m2/repository/org/apache/commons/commons-lang3/3.4/commons-lang3-3.4.jar:/Users/m/.m2/repository/com/github/hl7-tools/validation-report/1.0.0/validation-report-1.0.0.jar:/Users/m/.m2/repository/com/google/code/gson/gson/2.8.6/gson-2.8.6.jar:/Users/m/.m2/repository/javax/xml/bind/jaxb-api/2.3.0/jaxb-api-2.3.0.jar:/Users/m/.m2/repository/org/jetbrains/kotlin/kotlin-stdlib/1.4.20/kotlin-stdlib-1.4.20.jar:/Users/m/.m2/repository/org/jetbrains/kotlin/kotlin-stdlib-common/1.4.20/kotlin-stdlib-common-1.4.20.jar:/Users/m/.m2/repository/org/jetbrains/annotations/13.0/annotations-13.0.jar:/Users/m/.m2/repository/org/jetbrains/kotlin/kotlin-test/1.4.20/kotlin-test-1.4.20.jar:/Users/m/.m2/repository/org/jetbrains/kotlin/kotlin-test-common/1.4.20/kotlin-test-common-1.4.20.jar:/Users/m/.m2/repository/org/junit/jupiter/junit-jupiter-engine/5.6.0/junit-jupiter-engine-5.6.0.jar:/Users/m/.m2/repository/org/apiguardian/apiguardian-api/1.1.0/apiguardian-api-1.1.0.jar:/Users/m/.m2/repository/org/junit/platform/junit-platform-engine/1.6.0/junit-platform-engine-1.6.0.jar:/Users/m/.m2/repository/org/junit/jupiter/junit-jupiter-api/5.6.0/junit-jupiter-api-5.6.0.jar:/Users/m/.m2/repository/org/opentest4j/opentest4j/1.2.0/opentest4j-1.2.0.jar:/Users/m/.m2/repository/org/junit/platform/junit-platform-commons/1.6.0/junit-platform-commons-1.6.0.jar:/Users/m/.m2/repository/org/junit/jupiter/junit-jupiter-params/5.6.0/junit-jupiter-params-5.6.0.jar:/Users/m/.m2/repository/org/slf4j/slf4j-api/1.7.30/slf4j-api-1.7.30.jar:"/>
    <property name="sun.cpu.endian" value="little"/>
    <property name="user.home" value="/Users/m"/>
    <property name="user.language" value="en"/>
    <property name="java.specification.vendor" value="Oracle Corporation"/>
    <property name="java.version.date" value="2019-01-15"/>
    <property name="java.home" value="/Library/Java/JavaVirtualMachines/openjdk-11.0.2.jdk/Contents/Home"/>
    <property name="file.separator" value="/"/>
    <property name="basedir" value="/Users/m/projects/work/zeid/Biblioteca/lib-nist-validator"/>
    <property name="java.vm.compressedOopsMode" value="Zero based"/>
    <property name="line.separator" value="&#10;"/>
    <property name="java.specification.name" value="Java Platform API Specification"/>
    <property name="java.vm.specification.vendor" value="Oracle Corporation"/>
    <property name="java.awt.graphicsenv" value="sun.awt.CGraphicsEnvironment"/>
    <property name="surefire.real.class.path" value="/Users/m/projects/work/zeid/Biblioteca/lib-nist-validator/target/surefire/surefirebooter10676929447245371460.jar"/>
    <property name="sun.management.compiler" value="HotSpot 64-Bit Tiered Compilers"/>
    <property name="ftp.nonProxyHosts" value="local|*.local|169.254/16|*.169.254/16"/>
    <property name="java.runtime.version" value="11.0.2+9"/>
    <property name="user.name" value="m"/>
    <property name="path.separator" value=":"/>
    <property name="os.version" value="10.16"/>
    <property name="java.runtime.name" value="OpenJDK Runtime Environment"/>
    <property name="file.encoding" value="UTF-8"/>
    <property name="java.vm.name" value="OpenJDK 64-Bit Server VM"/>
    <property name="java.vendor.version" value="18.9"/>
    <property name="localRepository" value="/Users/m/.m2/repository"/>
    <property name="java.vendor.url.bug" value="http://bugreport.java.com/bugreport/"/>
    <property name="java.io.tmpdir" value="/var/folders/_x/gz1rf27n1fv38m4668134s4w0000gn/T/"/>
    <property name="idea.version" value="2020.3"/>
    <property name="java.version" value="11.0.2"/>
    <property name="user.dir" value="/Users/m/projects/work/zeid/Biblioteca/lib-nist-validator"/>
    <property name="os.arch" value="x86_64"/>
    <property name="java.vm.specification.name" value="Java Virtual Machine Specification"/>
    <property name="java.awt.printerjob" value="sun.lwawt.macosx.CPrinterJob"/>
    <property name="sun.os.patch.level" value="unknown"/>
    <property name="java.library.path" value="/Users/m/Library/Java/Extensions:/Library/Java/Extensions:/Network/Library/Java/Extensions:/System/Library/Java/Extensions:/usr/lib/java:."/>
    <property name="java.vendor" value="Oracle Corporation"/>
    <property name="java.vm.info" value="mixed mode"/>
    <property name="java.vm.version" value="11.0.2+9"/>
    <property name="sun.io.unicode.encoding" value="UnicodeBig"/>
    <property name="java.class.version" value="55.0"/>
    <property name="socksNonProxyHosts" value="local|*.local|169.254/16|*.169.254/16"/>
  </properties>
  <testcase name="testFileNames" classname="gov.cdc.nist.validator.VALID_PROFILE_CONFIGSTest" time="0"/>
  <testcase name="testInvalidNames" classname="gov.cdc.nist.validator.VALID_PROFILE_CONFIGSTest" time="0"/>
  <testcase name="testStrings" classname="gov.cdc.nist.validator.VALID_PROFILE_CONFIGSTest" time="0"/>
</testsuite>